<?xml version="1.0" encoding="UTF-8"?>
<coverage generated="1735202377805" clover="3.2.0">
  <project timestamp="1735202377805" name="All files">
    <metrics statements="65" coveredstatements="39" conditionals="30" coveredconditionals="24" methods="8" coveredmethods="4" elements="103" coveredelements="67" complexity="0" loc="65" ncloc="65" packages="2" files="3" classes="3"/>
    <package name="config">
      <metrics statements="20" coveredstatements="4" conditionals="4" coveredconditionals="0" methods="3" coveredmethods="0"/>
      <file name="connectDB.js" path="/Users/conquerormikrokosmos/Downloads/LAPTOP MAC/MYUNIVERSITY/ĐẠI HỌC QUỐC GIA TPHCM/ĐH KHOA HỌC TỰ NHIÊN/NĂM 3/HKI/Introduction to Software Engineering/Project/NMCNPM_03/back-end/src/config/connectDB.js">
        <metrics statements="20" coveredstatements="4" conditionals="4" coveredconditionals="0" methods="3" coveredmethods="0"/>
        <line num="3" count="1" type="stmt"/>
        <line num="21" count="1" type="stmt"/>
        <line num="23" count="1" type="stmt"/>
        <line num="24" count="0" type="stmt"/>
        <line num="25" count="0" type="cond" truecount="0" falsecount="2"/>
        <line num="26" count="0" type="stmt"/>
        <line num="29" count="0" type="stmt"/>
        <line num="30" count="0" type="stmt"/>
        <line num="31" count="0" type="stmt"/>
        <line num="33" count="0" type="stmt"/>
        <line num="34" count="0" type="stmt"/>
        <line num="39" count="1" type="stmt"/>
        <line num="40" count="0" type="cond" truecount="0" falsecount="2"/>
        <line num="41" count="0" type="stmt"/>
        <line num="42" count="0" type="stmt"/>
        <line num="44" count="0" type="stmt"/>
        <line num="48" count="0" type="stmt"/>
        <line num="49" count="0" type="stmt"/>
        <line num="50" count="0" type="stmt"/>
        <line num="52" count="0" type="stmt"/>
      </file>
    </package>
    <package name="middleware">
      <metrics statements="45" coveredstatements="35" conditionals="26" coveredconditionals="24" methods="5" coveredmethods="4"/>
      <file name="authMiddleware.js" path="/Users/conquerormikrokosmos/Downloads/LAPTOP MAC/MYUNIVERSITY/ĐẠI HỌC QUỐC GIA TPHCM/ĐH KHOA HỌC TỰ NHIÊN/NĂM 3/HKI/Introduction to Software Engineering/Project/NMCNPM_03/back-end/src/middleware/authMiddleware.js">
        <metrics statements="27" coveredstatements="17" conditionals="6" coveredconditionals="4" methods="3" coveredmethods="2"/>
        <line num="5" count="1" type="stmt"/>
        <line num="6" count="3" type="stmt"/>
        <line num="7" count="3" type="stmt"/>
        <line num="9" count="3" type="cond" truecount="2" falsecount="0"/>
        <line num="10" count="1" type="stmt"/>
        <line num="13" count="2" type="stmt"/>
        <line num="14" count="1" type="stmt"/>
        <line num="15" count="1" type="stmt"/>
        <line num="17" count="1" type="stmt"/>
        <line num="21" count="1" type="stmt"/>
        <line num="22" count="2" type="stmt"/>
        <line num="23" count="2" type="stmt"/>
        <line num="24" count="2" type="stmt"/>
        <line num="31" count="2" type="cond" truecount="2" falsecount="0"/>
        <line num="32" count="1" type="stmt"/>
        <line num="35" count="1" type="stmt"/>
        <line num="37" count="0" type="stmt"/>
        <line num="38" count="0" type="stmt"/>
        <line num="42" count="1" type="stmt"/>
        <line num="43" count="0" type="stmt"/>
        <line num="44" count="0" type="stmt"/>
        <line num="45" count="0" type="stmt"/>
        <line num="52" count="0" type="cond" truecount="0" falsecount="2"/>
        <line num="53" count="0" type="stmt"/>
        <line num="56" count="0" type="stmt"/>
        <line num="58" count="0" type="stmt"/>
        <line num="59" count="0" type="stmt"/>
      </file>
      <file name="validationMiddleware.js" path="/Users/conquerormikrokosmos/Downloads/LAPTOP MAC/MYUNIVERSITY/ĐẠI HỌC QUỐC GIA TPHCM/ĐH KHOA HỌC TỰ NHIÊN/NĂM 3/HKI/Introduction to Software Engineering/Project/NMCNPM_03/back-end/src/middleware/validationMiddleware.js">
        <metrics statements="18" coveredstatements="18" conditionals="20" coveredconditionals="20" methods="2" coveredmethods="2"/>
        <line num="1" count="1" type="stmt"/>
        <line num="11" count="5" type="stmt"/>
        <line num="14" count="5" type="cond" truecount="2" falsecount="0"/>
        <line num="24" count="1" type="stmt"/>
        <line num="31" count="4" type="stmt"/>
        <line num="32" count="4" type="cond" truecount="2" falsecount="0"/>
        <line num="33" count="1" type="stmt"/>
        <line num="40" count="3" type="cond" truecount="2" falsecount="0"/>
        <line num="41" count="1" type="stmt"/>
        <line num="48" count="2" type="stmt"/>
        <line num="49" count="2" type="cond" truecount="2" falsecount="0"/>
        <line num="50" count="1" type="stmt"/>
        <line num="56" count="1" type="stmt"/>
        <line num="59" count="1" type="stmt"/>
        <line num="60" count="3" type="stmt"/>
        <line num="62" count="3" type="cond" truecount="4" falsecount="0"/>
        <line num="63" count="2" type="stmt"/>
        <line num="69" count="1" type="stmt"/>
      </file>
    </package>
  </project>
</coverage>
