{"/Users/conquerormikrokosmos/Downloads/LAPTOP MAC/MYUNIVERSITY/ĐẠI HỌC QUỐC GIA TPHCM/ĐH KHOA HỌC TỰ NHIÊN/NĂM 3/HKI/Introduction to Software Engineering/Project/NMCNPM_03/back-end/src/config/connectDB.js": {"path":"/Users/conquerormikrokosmos/Downloads/LAPTOP MAC/MYUNIVERSITY/ĐẠI HỌC QUỐC GIA TPHCM/ĐH KHOA HỌC TỰ NHIÊN/NĂM 3/HKI/Introduction to Software Engineering/Project/NMCNPM_03/back-end/src/config/connectDB.js","statementMap":{"0":{"start":{"line":3,"column":15},"end":{"line":19,"column":1}},"1":{"start":{"line":21,"column":11},"end":{"line":21,"column":15}},"2":{"start":{"line":23,"column":25},"end":{"line":36,"column":1}},"3":{"start":{"line":24,"column":2},"end":{"line":35,"column":3}},"4":{"start":{"line":25,"column":4},"end":{"line":27,"column":5}},"5":{"start":{"line":26,"column":6},"end":{"line":26,"column":18}},"6":{"start":{"line":29,"column":4},"end":{"line":29,"column":37}},"7":{"start":{"line":30,"column":4},"end":{"line":30,"column":58}},"8":{"start":{"line":31,"column":4},"end":{"line":31,"column":16}},"9":{"start":{"line":33,"column":4},"end":{"line":33,"column":54}},"10":{"start":{"line":34,"column":4},"end":{"line":34,"column":14}},"11":{"start":{"line":39,"column":0},"end":{"line":45,"column":3}},"12":{"start":{"line":40,"column":2},"end":{"line":43,"column":3}},"13":{"start":{"line":41,"column":4},"end":{"line":41,"column":23}},"14":{"start":{"line":42,"column":4},"end":{"line":42,"column":16}},"15":{"start":{"line":44,"column":2},"end":{"line":44,"column":18}},"16":{"start":{"line":48,"column":2},"end":{"line":53,"column":3}},"17":{"start":{"line":49,"column":19},"end":{"line":49,"column":64}},"18":{"start":{"line":50,"column":4},"end":{"line":50,"column":42}},"19":{"start":{"line":52,"column":4},"end":{"line":52,"column":41}}},"fnMap":{"0":{"name":"(anonymous_0)","decl":{"start":{"line":23,"column":25},"end":{"line":23,"column":26}},"loc":{"start":{"line":23,"column":37},"end":{"line":36,"column":1}},"line":23},"1":{"name":"(anonymous_1)","decl":{"start":{"line":39,"column":21},"end":{"line":39,"column":22}},"loc":{"start":{"line":39,"column":33},"end":{"line":45,"column":1}},"line":39},"2":{"name":"queryDemo","decl":{"start":{"line":47,"column":22},"end":{"line":47,"column":31}},"loc":{"start":{"line":47,"column":34},"end":{"line":54,"column":1}},"line":47}},"branchMap":{"0":{"loc":{"start":{"line":25,"column":4},"end":{"line":27,"column":5}},"type":"if","locations":[{"start":{"line":25,"column":4},"end":{"line":27,"column":5}},{"start":{},"end":{}}],"line":25},"1":{"loc":{"start":{"line":40,"column":2},"end":{"line":43,"column":3}},"type":"if","locations":[{"start":{"line":40,"column":2},"end":{"line":43,"column":3}},{"start":{},"end":{}}],"line":40}},"s":{"0":1,"1":1,"2":1,"3":0,"4":0,"5":0,"6":0,"7":0,"8":0,"9":0,"10":0,"11":1,"12":0,"13":0,"14":0,"15":0,"16":0,"17":0,"18":0,"19":0},"f":{"0":0,"1":0,"2":0},"b":{"0":[0,0],"1":[0,0]},"_coverageSchema":"1a1c01bbd47fc00a2c39e90264f33305004495a9","hash":"5f47795713453a39a73de8e58daefd7851e690a9"}
,"/Users/conquerormikrokosmos/Downloads/LAPTOP MAC/MYUNIVERSITY/ĐẠI HỌC QUỐC GIA TPHCM/ĐH KHOA HỌC TỰ NHIÊN/NĂM 3/HKI/Introduction to Software Engineering/Project/NMCNPM_03/back-end/src/middleware/authMiddleware.js": {"path":"/Users/conquerormikrokosmos/Downloads/LAPTOP MAC/MYUNIVERSITY/ĐẠI HỌC QUỐC GIA TPHCM/ĐH KHOA HỌC TỰ NHIÊN/NĂM 3/HKI/Introduction to Software Engineering/Project/NMCNPM_03/back-end/src/middleware/authMiddleware.js","statementMap":{"0":{"start":{"line":5,"column":27},"end":{"line":19,"column":1}},"1":{"start":{"line":6,"column":2},"end":{"line":18,"column":3}},"2":{"start":{"line":7,"column":18},"end":{"line":7,"column":58}},"3":{"start":{"line":9,"column":4},"end":{"line":11,"column":5}},"4":{"start":{"line":10,"column":6},"end":{"line":10,"column":66}},"5":{"start":{"line":13,"column":20},"end":{"line":13,"column":61}},"6":{"start":{"line":14,"column":4},"end":{"line":14,"column":28}},"7":{"start":{"line":15,"column":4},"end":{"line":15,"column":11}},"8":{"start":{"line":17,"column":4},"end":{"line":17,"column":60}},"9":{"start":{"line":21,"column":23},"end":{"line":40,"column":1}},"10":{"start":{"line":22,"column":2},"end":{"line":39,"column":3}},"11":{"start":{"line":23,"column":17},"end":{"line":23,"column":34}},"12":{"start":{"line":24,"column":19},"end":{"line":29,"column":14}},"13":{"start":{"line":31,"column":4},"end":{"line":33,"column":5}},"14":{"start":{"line":32,"column":6},"end":{"line":32,"column":62}},"15":{"start":{"line":35,"column":4},"end":{"line":35,"column":11}},"16":{"start":{"line":37,"column":4},"end":{"line":37,"column":57}},"17":{"start":{"line":38,"column":4},"end":{"line":38,"column":61}},"18":{"start":{"line":42,"column":24},"end":{"line":61,"column":1}},"19":{"start":{"line":43,"column":2},"end":{"line":60,"column":3}},"20":{"start":{"line":44,"column":17},"end":{"line":44,"column":34}},"21":{"start":{"line":45,"column":19},"end":{"line":50,"column":14}},"22":{"start":{"line":52,"column":4},"end":{"line":54,"column":5}},"23":{"start":{"line":53,"column":6},"end":{"line":53,"column":70}},"24":{"start":{"line":56,"column":4},"end":{"line":56,"column":11}},"25":{"start":{"line":58,"column":4},"end":{"line":58,"column":56}},"26":{"start":{"line":59,"column":4},"end":{"line":59,"column":61}}},"fnMap":{"0":{"name":"(anonymous_0)","decl":{"start":{"line":5,"column":27},"end":{"line":5,"column":28}},"loc":{"start":{"line":5,"column":53},"end":{"line":19,"column":1}},"line":5},"1":{"name":"(anonymous_1)","decl":{"start":{"line":21,"column":23},"end":{"line":21,"column":24}},"loc":{"start":{"line":21,"column":49},"end":{"line":40,"column":1}},"line":21},"2":{"name":"(anonymous_2)","decl":{"start":{"line":42,"column":24},"end":{"line":42,"column":25}},"loc":{"start":{"line":42,"column":50},"end":{"line":61,"column":1}},"line":42}},"branchMap":{"0":{"loc":{"start":{"line":9,"column":4},"end":{"line":11,"column":5}},"type":"if","locations":[{"start":{"line":9,"column":4},"end":{"line":11,"column":5}},{"start":{},"end":{}}],"line":9},"1":{"loc":{"start":{"line":31,"column":4},"end":{"line":33,"column":5}},"type":"if","locations":[{"start":{"line":31,"column":4},"end":{"line":33,"column":5}},{"start":{},"end":{}}],"line":31},"2":{"loc":{"start":{"line":52,"column":4},"end":{"line":54,"column":5}},"type":"if","locations":[{"start":{"line":52,"column":4},"end":{"line":54,"column":5}},{"start":{},"end":{}}],"line":52}},"s":{"0":1,"1":3,"2":3,"3":3,"4":1,"5":2,"6":1,"7":1,"8":1,"9":1,"10":2,"11":2,"12":2,"13":2,"14":1,"15":1,"16":0,"17":0,"18":1,"19":0,"20":0,"21":0,"22":0,"23":0,"24":0,"25":0,"26":0},"f":{"0":3,"1":2,"2":0},"b":{"0":[1,2],"1":[1,1],"2":[0,0]},"_coverageSchema":"1a1c01bbd47fc00a2c39e90264f33305004495a9","hash":"d27e11a29482591bca0a9eae7008394869eb4934"}
,"/Users/conquerormikrokosmos/Downloads/LAPTOP MAC/MYUNIVERSITY/ĐẠI HỌC QUỐC GIA TPHCM/ĐH KHOA HỌC TỰ NHIÊN/NĂM 3/HKI/Introduction to Software Engineering/Project/NMCNPM_03/back-end/src/middleware/validationMiddleware.js": {"path":"/Users/conquerormikrokosmos/Downloads/LAPTOP MAC/MYUNIVERSITY/ĐẠI HỌC QUỐC GIA TPHCM/ĐH KHOA HỌC TỰ NHIÊN/NĂM 3/HKI/Introduction to Software Engineering/Project/NMCNPM_03/back-end/src/middleware/validationMiddleware.js","statementMap":{"0":{"start":{"line":1,"column":30},"end":{"line":57,"column":1}},"1":{"start":{"line":11,"column":6},"end":{"line":11,"column":14}},"2":{"start":{"line":14,"column":2},"end":{"line":28,"column":3}},"3":{"start":{"line":24,"column":4},"end":{"line":27,"column":7}},"4":{"start":{"line":31,"column":21},"end":{"line":31,"column":49}},"5":{"start":{"line":32,"column":2},"end":{"line":37,"column":3}},"6":{"start":{"line":33,"column":4},"end":{"line":36,"column":7}},"7":{"start":{"line":40,"column":2},"end":{"line":45,"column":3}},"8":{"start":{"line":41,"column":4},"end":{"line":44,"column":7}},"9":{"start":{"line":48,"column":21},"end":{"line":48,"column":40}},"10":{"start":{"line":49,"column":2},"end":{"line":54,"column":3}},"11":{"start":{"line":50,"column":4},"end":{"line":53,"column":7}},"12":{"start":{"line":56,"column":2},"end":{"line":56,"column":9}},"13":{"start":{"line":59,"column":30},"end":{"line":70,"column":1}},"14":{"start":{"line":60,"column":33},"end":{"line":60,"column":41}},"15":{"start":{"line":62,"column":2},"end":{"line":67,"column":3}},"16":{"start":{"line":63,"column":4},"end":{"line":66,"column":7}},"17":{"start":{"line":69,"column":2},"end":{"line":69,"column":9}}},"fnMap":{"0":{"name":"(anonymous_0)","decl":{"start":{"line":1,"column":30},"end":{"line":1,"column":31}},"loc":{"start":{"line":1,"column":50},"end":{"line":57,"column":1}},"line":1},"1":{"name":"(anonymous_1)","decl":{"start":{"line":59,"column":30},"end":{"line":59,"column":31}},"loc":{"start":{"line":59,"column":50},"end":{"line":70,"column":1}},"line":59}},"branchMap":{"0":{"loc":{"start":{"line":14,"column":2},"end":{"line":28,"column":3}},"type":"if","locations":[{"start":{"line":14,"column":2},"end":{"line":28,"column":3}},{"start":{},"end":{}}],"line":14},"1":{"loc":{"start":{"line":15,"column":4},"end":{"line":22,"column":16}},"type":"binary-expr","locations":[{"start":{"line":15,"column":4},"end":{"line":15,"column":13}},{"start":{"line":16,"column":4},"end":{"line":16,"column":13}},{"start":{"line":17,"column":4},"end":{"line":17,"column":14}},{"start":{"line":18,"column":4},"end":{"line":18,"column":13}},{"start":{"line":19,"column":4},"end":{"line":19,"column":14}},{"start":{"line":20,"column":4},"end":{"line":20,"column":10}},{"start":{"line":21,"column":4},"end":{"line":21,"column":16}},{"start":{"line":22,"column":4},"end":{"line":22,"column":16}}],"line":15},"2":{"loc":{"start":{"line":32,"column":2},"end":{"line":37,"column":3}},"type":"if","locations":[{"start":{"line":32,"column":2},"end":{"line":37,"column":3}},{"start":{},"end":{}}],"line":32},"3":{"loc":{"start":{"line":40,"column":2},"end":{"line":45,"column":3}},"type":"if","locations":[{"start":{"line":40,"column":2},"end":{"line":45,"column":3}},{"start":{},"end":{}}],"line":40},"4":{"loc":{"start":{"line":49,"column":2},"end":{"line":54,"column":3}},"type":"if","locations":[{"start":{"line":49,"column":2},"end":{"line":54,"column":3}},{"start":{},"end":{}}],"line":49},"5":{"loc":{"start":{"line":62,"column":2},"end":{"line":67,"column":3}},"type":"if","locations":[{"start":{"line":62,"column":2},"end":{"line":67,"column":3}},{"start":{},"end":{}}],"line":62},"6":{"loc":{"start":{"line":62,"column":6},"end":{"line":62,"column":28}},"type":"binary-expr","locations":[{"start":{"line":62,"column":6},"end":{"line":62,"column":15}},{"start":{"line":62,"column":19},"end":{"line":62,"column":28}}],"line":62}},"s":{"0":1,"1":5,"2":5,"3":1,"4":4,"5":4,"6":1,"7":3,"8":1,"9":2,"10":2,"11":1,"12":1,"13":1,"14":3,"15":3,"16":2,"17":1},"f":{"0":5,"1":3},"b":{"0":[1,4],"1":[5,4,4,4,4,4,4,4],"2":[1,3],"3":[1,2],"4":[1,1],"5":[2,1],"6":[3,2]},"_coverageSchema":"1a1c01bbd47fc00a2c39e90264f33305004495a9","hash":"e237f3cc362f664303ee09edb7c1ba4637358964"}
}
