TN:
SF:src/config/connectDB.js
FN:23,(anonymous_0)
FN:39,(anonymous_1)
FN:47,queryDemo
FNF:3
FNH:0
FNDA:0,(anonymous_0)
FNDA:0,(anonymous_1)
FNDA:0,queryDemo
DA:3,1
DA:21,1
DA:23,1
DA:24,0
DA:25,0
DA:26,0
DA:29,0
DA:30,0
DA:31,0
DA:33,0
DA:34,0
DA:39,1
DA:40,0
DA:41,0
DA:42,0
DA:44,0
DA:48,0
DA:49,0
DA:50,0
DA:52,0
LF:20
LH:4
BRDA:25,0,0,0
BRDA:25,0,1,0
BRDA:40,1,0,0
BRDA:40,1,1,0
BRF:4
BRH:0
end_of_record
TN:
SF:src/middleware/authMiddleware.js
FN:5,(anonymous_0)
FN:21,(anonymous_1)
FN:42,(anonymous_2)
FNF:3
FNH:2
FNDA:3,(anonymous_0)
FNDA:2,(anonymous_1)
FNDA:0,(anonymous_2)
DA:5,1
DA:6,3
DA:7,3
DA:9,3
DA:10,1
DA:13,2
DA:14,1
DA:15,1
DA:17,1
DA:21,1
DA:22,2
DA:23,2
DA:24,2
DA:31,2
DA:32,1
DA:35,1
DA:37,0
DA:38,0
DA:42,1
DA:43,0
DA:44,0
DA:45,0
DA:52,0
DA:53,0
DA:56,0
DA:58,0
DA:59,0
LF:27
LH:17
BRDA:9,0,0,1
BRDA:9,0,1,2
BRDA:31,1,0,1
BRDA:31,1,1,1
BRDA:52,2,0,0
BRDA:52,2,1,0
BRF:6
BRH:4
end_of_record
TN:
SF:src/middleware/validationMiddleware.js
FN:1,(anonymous_0)
FN:59,(anonymous_1)
FNF:2
FNH:2
FNDA:5,(anonymous_0)
FNDA:3,(anonymous_1)
DA:1,1
DA:11,5
DA:14,5
DA:24,1
DA:31,4
DA:32,4
DA:33,1
DA:40,3
DA:41,1
DA:48,2
DA:49,2
DA:50,1
DA:56,1
DA:59,1
DA:60,3
DA:62,3
DA:63,2
DA:69,1
LF:18
LH:18
BRDA:14,0,0,1
BRDA:14,0,1,4
BRDA:15,1,0,5
BRDA:15,1,1,4
BRDA:15,1,2,4
BRDA:15,1,3,4
BRDA:15,1,4,4
BRDA:15,1,5,4
BRDA:15,1,6,4
BRDA:15,1,7,4
BRDA:32,2,0,1
BRDA:32,2,1,3
BRDA:40,3,0,1
BRDA:40,3,1,2
BRDA:49,4,0,1
BRDA:49,4,1,1
BRDA:62,5,0,2
BRDA:62,5,1,1
BRDA:62,6,0,3
BRDA:62,6,1,2
BRF:20
BRH:20
end_of_record
